Performing C++ SOURCE FILE Test COMPILER_HAS_WMISSING_OVERRIDE failed with the following output:
Change Dir: /home/kody/SLAM/factor-graph-slam-project/code/gtsam/gtsam-develop/python/CMakeFiles/CMakeTmp

Run Build Command(s):/usr/bin/make cmTC_fc16e/fast && /usr/bin/make -f CMakeFiles/cmTC_fc16e.dir/build.make CMakeFiles/cmTC_fc16e.dir/build
make[1]: Entering directory '/home/kody/SLAM/factor-graph-slam-project/code/gtsam/gtsam-develop/python/CMakeFiles/CMakeTmp'
Building CXX object CMakeFiles/cmTC_fc16e.dir/src.cxx.o
/usr/bin/c++    -DCOMPILER_HAS_WMISSING_OVERRIDE   -Wmissing -o CMakeFiles/cmTC_fc16e.dir/src.cxx.o -c /home/kody/SLAM/factor-graph-slam-project/code/gtsam/gtsam-develop/python/CMakeFiles/CMakeTmp/src.cxx
c++: error: unrecognized command line option '-Wmissing'; did you mean '-Waliasing'?
make[1]: *** [CMakeFiles/cmTC_fc16e.dir/build.make:66: CMakeFiles/cmTC_fc16e.dir/src.cxx.o] Error 1
make[1]: Leaving directory '/home/kody/SLAM/factor-graph-slam-project/code/gtsam/gtsam-develop/python/CMakeFiles/CMakeTmp'
make: *** [Makefile:121: cmTC_fc16e/fast] Error 2


Source file was:
int main() { return 0; }
Performing C SOURCE FILE Test CMAKE_HAVE_LIBC_PTHREAD failed with the following output:
Change Dir: /home/kody/SLAM/factor-graph-slam-project/code/gtsam/gtsam-develop/python/CMakeFiles/CMakeTmp

Run Build Command(s):/usr/bin/make cmTC_ff9b3/fast && /usr/bin/make -f CMakeFiles/cmTC_ff9b3.dir/build.make CMakeFiles/cmTC_ff9b3.dir/build
make[1]: Entering directory '/home/kody/SLAM/factor-graph-slam-project/code/gtsam/gtsam-develop/python/CMakeFiles/CMakeTmp'
Building C object CMakeFiles/cmTC_ff9b3.dir/src.c.o
/usr/bin/cc   -DCMAKE_HAVE_LIBC_PTHREAD   -o CMakeFiles/cmTC_ff9b3.dir/src.c.o   -c /home/kody/SLAM/factor-graph-slam-project/code/gtsam/gtsam-develop/python/CMakeFiles/CMakeTmp/src.c
Linking C executable cmTC_ff9b3
/usr/bin/cmake -E cmake_link_script CMakeFiles/cmTC_ff9b3.dir/link.txt --verbose=1
/usr/bin/cc  -DCMAKE_HAVE_LIBC_PTHREAD    -rdynamic CMakeFiles/cmTC_ff9b3.dir/src.c.o  -o cmTC_ff9b3 
/usr/bin/ld: CMakeFiles/cmTC_ff9b3.dir/src.c.o: in function `main':
src.c:(.text+0x46): undefined reference to `pthread_create'
/usr/bin/ld: src.c:(.text+0x52): undefined reference to `pthread_detach'
/usr/bin/ld: src.c:(.text+0x63): undefined reference to `pthread_join'
collect2: error: ld returned 1 exit status
make[1]: *** [CMakeFiles/cmTC_ff9b3.dir/build.make:87: cmTC_ff9b3] Error 1
make[1]: Leaving directory '/home/kody/SLAM/factor-graph-slam-project/code/gtsam/gtsam-develop/python/CMakeFiles/CMakeTmp'
make: *** [Makefile:121: cmTC_ff9b3/fast] Error 2


Source file was:
#include <pthread.h>

void* test_func(void* data)
{
  return data;
}

int main(void)
{
  pthread_t thread;
  pthread_create(&thread, NULL, test_func, NULL);
  pthread_detach(thread);
  pthread_join(thread, NULL);
  pthread_atfork(NULL, NULL, NULL);
  pthread_exit(NULL);

  return 0;
}

Determining if the function pthread_create exists in the pthreads failed with the following output:
Change Dir: /home/kody/SLAM/factor-graph-slam-project/code/gtsam/gtsam-develop/python/CMakeFiles/CMakeTmp

Run Build Command(s):/usr/bin/make cmTC_a12cc/fast && /usr/bin/make -f CMakeFiles/cmTC_a12cc.dir/build.make CMakeFiles/cmTC_a12cc.dir/build
make[1]: Entering directory '/home/kody/SLAM/factor-graph-slam-project/code/gtsam/gtsam-develop/python/CMakeFiles/CMakeTmp'
Building C object CMakeFiles/cmTC_a12cc.dir/CheckFunctionExists.c.o
/usr/bin/cc   -DCHECK_FUNCTION_EXISTS=pthread_create   -o CMakeFiles/cmTC_a12cc.dir/CheckFunctionExists.c.o   -c /usr/share/cmake-3.16/Modules/CheckFunctionExists.c
Linking C executable cmTC_a12cc
/usr/bin/cmake -E cmake_link_script CMakeFiles/cmTC_a12cc.dir/link.txt --verbose=1
/usr/bin/cc  -DCHECK_FUNCTION_EXISTS=pthread_create    -rdynamic CMakeFiles/cmTC_a12cc.dir/CheckFunctionExists.c.o  -o cmTC_a12cc  -lpthreads 
/usr/bin/ld: cannot find -lpthreads
collect2: error: ld returned 1 exit status
make[1]: *** [CMakeFiles/cmTC_a12cc.dir/build.make:87: cmTC_a12cc] Error 1
make[1]: Leaving directory '/home/kody/SLAM/factor-graph-slam-project/code/gtsam/gtsam-develop/python/CMakeFiles/CMakeTmp'
make: *** [Makefile:121: cmTC_a12cc/fast] Error 2



